Determining if the pthread_create exist failed with the following output:
Change Dir: /home/gory/rob_mov/coms/build/CMakeFiles/CMakeTmp

Run Build Command:"/usr/bin/make" "cmTC_36eab/fast"
/usr/bin/make -f CMakeFiles/cmTC_36eab.dir/build.make CMakeFiles/cmTC_36eab.dir/build
make[1]: se entra en el directorio '/home/gory/rob_mov/coms/build/CMakeFiles/CMakeTmp'
Building C object CMakeFiles/cmTC_36eab.dir/CheckSymbolExists.c.o
/usr/bin/cc     -o CMakeFiles/cmTC_36eab.dir/CheckSymbolExists.c.o   -c /home/gory/rob_mov/coms/build/CMakeFiles/CMakeTmp/CheckSymbolExists.c
Linking C executable cmTC_36eab
/usr/bin/cmake -E cmake_link_script CMakeFiles/cmTC_36eab.dir/link.txt --verbose=1
/usr/bin/cc       CMakeFiles/cmTC_36eab.dir/CheckSymbolExists.c.o  -o cmTC_36eab -rdynamic 
CMakeFiles/cmTC_36eab.dir/CheckSymbolExists.c.o: En la función `main':
CheckSymbolExists.c:(.text+0x16): referencia a `pthread_create' sin definir
collect2: error: ld returned 1 exit status
CMakeFiles/cmTC_36eab.dir/build.make:97: fallo en las instrucciones para el objetivo 'cmTC_36eab'
make[1]: *** [cmTC_36eab] Error 1
make[1]: se sale del directorio '/home/gory/rob_mov/coms/build/CMakeFiles/CMakeTmp'
Makefile:126: fallo en las instrucciones para el objetivo 'cmTC_36eab/fast'
make: *** [cmTC_36eab/fast] Error 2

File /home/gory/rob_mov/coms/build/CMakeFiles/CMakeTmp/CheckSymbolExists.c:
/* */
#include <pthread.h>

int main(int argc, char** argv)
{
  (void)argv;
#ifndef pthread_create
  return ((int*)(&pthread_create))[argc];
#else
  (void)argc;
  return 0;
#endif
}

Determining if the function pthread_create exists in the pthreads failed with the following output:
Change Dir: /home/gory/rob_mov/coms/build/CMakeFiles/CMakeTmp

Run Build Command:"/usr/bin/make" "cmTC_ce928/fast"
/usr/bin/make -f CMakeFiles/cmTC_ce928.dir/build.make CMakeFiles/cmTC_ce928.dir/build
make[1]: se entra en el directorio '/home/gory/rob_mov/coms/build/CMakeFiles/CMakeTmp'
Building C object CMakeFiles/cmTC_ce928.dir/CheckFunctionExists.c.o
/usr/bin/cc    -DCHECK_FUNCTION_EXISTS=pthread_create   -o CMakeFiles/cmTC_ce928.dir/CheckFunctionExists.c.o   -c /usr/share/cmake-3.5/Modules/CheckFunctionExists.c
Linking C executable cmTC_ce928
/usr/bin/cmake -E cmake_link_script CMakeFiles/cmTC_ce928.dir/link.txt --verbose=1
/usr/bin/cc   -DCHECK_FUNCTION_EXISTS=pthread_create    CMakeFiles/cmTC_ce928.dir/CheckFunctionExists.c.o  -o cmTC_ce928 -rdynamic -lpthreads 
/usr/bin/ld: no se puede encontrar -lpthreads
collect2: error: ld returned 1 exit status
CMakeFiles/cmTC_ce928.dir/build.make:97: fallo en las instrucciones para el objetivo 'cmTC_ce928'
make[1]: *** [cmTC_ce928] Error 1
make[1]: se sale del directorio '/home/gory/rob_mov/coms/build/CMakeFiles/CMakeTmp'
Makefile:126: fallo en las instrucciones para el objetivo 'cmTC_ce928/fast'
make: *** [cmTC_ce928/fast] Error 2


