Determining if the pthread_create exist failed with the following output:
Change Dir: /home/gory/rob_mov/rviz/build/CMakeFiles/CMakeTmp

Run Build Command:"/usr/bin/make" "cmTC_5ecd4/fast"
/usr/bin/make -f CMakeFiles/cmTC_5ecd4.dir/build.make CMakeFiles/cmTC_5ecd4.dir/build
make[1]: se entra en el directorio '/home/gory/rob_mov/rviz/build/CMakeFiles/CMakeTmp'
Building C object CMakeFiles/cmTC_5ecd4.dir/CheckSymbolExists.c.o
/usr/bin/cc     -o CMakeFiles/cmTC_5ecd4.dir/CheckSymbolExists.c.o   -c /home/gory/rob_mov/rviz/build/CMakeFiles/CMakeTmp/CheckSymbolExists.c
Linking C executable cmTC_5ecd4
/usr/bin/cmake -E cmake_link_script CMakeFiles/cmTC_5ecd4.dir/link.txt --verbose=1
/usr/bin/cc       CMakeFiles/cmTC_5ecd4.dir/CheckSymbolExists.c.o  -o cmTC_5ecd4 -rdynamic 
CMakeFiles/cmTC_5ecd4.dir/CheckSymbolExists.c.o: En la función `main':
CheckSymbolExists.c:(.text+0x16): referencia a `pthread_create' sin definir
collect2: error: ld returned 1 exit status
CMakeFiles/cmTC_5ecd4.dir/build.make:97: fallo en las instrucciones para el objetivo 'cmTC_5ecd4'
make[1]: *** [cmTC_5ecd4] Error 1
make[1]: se sale del directorio '/home/gory/rob_mov/rviz/build/CMakeFiles/CMakeTmp'
Makefile:126: fallo en las instrucciones para el objetivo 'cmTC_5ecd4/fast'
make: *** [cmTC_5ecd4/fast] Error 2

File /home/gory/rob_mov/rviz/build/CMakeFiles/CMakeTmp/CheckSymbolExists.c:
/* */
#include <pthread.h>

int main(int argc, char** argv)
{
  (void)argv;
#ifndef pthread_create
  return ((int*)(&pthread_create))[argc];
#else
  (void)argc;
  return 0;
#endif
}

Determining if the function pthread_create exists in the pthreads failed with the following output:
Change Dir: /home/gory/rob_mov/rviz/build/CMakeFiles/CMakeTmp

Run Build Command:"/usr/bin/make" "cmTC_d9128/fast"
/usr/bin/make -f CMakeFiles/cmTC_d9128.dir/build.make CMakeFiles/cmTC_d9128.dir/build
make[1]: se entra en el directorio '/home/gory/rob_mov/rviz/build/CMakeFiles/CMakeTmp'
Building C object CMakeFiles/cmTC_d9128.dir/CheckFunctionExists.c.o
/usr/bin/cc    -DCHECK_FUNCTION_EXISTS=pthread_create   -o CMakeFiles/cmTC_d9128.dir/CheckFunctionExists.c.o   -c /usr/share/cmake-3.5/Modules/CheckFunctionExists.c
Linking C executable cmTC_d9128
/usr/bin/cmake -E cmake_link_script CMakeFiles/cmTC_d9128.dir/link.txt --verbose=1
/usr/bin/cc   -DCHECK_FUNCTION_EXISTS=pthread_create    CMakeFiles/cmTC_d9128.dir/CheckFunctionExists.c.o  -o cmTC_d9128 -rdynamic -lpthreads 
/usr/bin/ld: no se puede encontrar -lpthreads
collect2: error: ld returned 1 exit status
CMakeFiles/cmTC_d9128.dir/build.make:97: fallo en las instrucciones para el objetivo 'cmTC_d9128'
make[1]: *** [cmTC_d9128] Error 1
make[1]: se sale del directorio '/home/gory/rob_mov/rviz/build/CMakeFiles/CMakeTmp'
Makefile:126: fallo en las instrucciones para el objetivo 'cmTC_d9128/fast'
make: *** [cmTC_d9128/fast] Error 2


